[debug] [2018-11-12T23:00:02.413Z] ----------------------------------------------------------------------
[debug] [2018-11-12T23:00:02.417Z] Command:       C:\Program Files\nodejs\node.exe C:\Users\El Dor\AppData\Roaming\npm\node_modules\firebase-tools\lib\bin\firebase.js deploy
[debug] [2018-11-12T23:00:02.417Z] CLI Version:   6.0.0
[debug] [2018-11-12T23:00:02.417Z] Platform:      win32
[debug] [2018-11-12T23:00:02.417Z] Node Version:  v8.12.0
[debug] [2018-11-12T23:00:02.419Z] Time:          Mon Nov 12 2018 23:00:02 GMT+0000 (GMT Standard Time)
[debug] [2018-11-12T23:00:02.419Z] ----------------------------------------------------------------------
[debug] 
[debug] [2018-11-12T23:00:02.435Z] > command requires scopes: ["email","openid","https://www.googleapis.com/auth/cloudplatformprojects.readonly","https://www.googleapis.com/auth/firebase","https://www.googleapis.com/auth/cloud-platform"]
[debug] [2018-11-12T23:00:02.436Z] > authorizing via signed-in user
[debug] [2018-11-12T23:00:02.436Z] [iam] checking project cowb70383-d026481i for permissions ["datastore.indexes.create","datastore.indexes.delete","datastore.indexes.list","datastore.indexes.update","firebase.projects.get","firebasedatabase.instances.update","firebasehosting.sites.update","firebaserules.releases.create","firebaserules.releases.update","firebaserules.rulesets.create"]
[debug] [2018-11-12T23:00:02.438Z] >>> HTTP REQUEST POST https://cloudresourcemanager.googleapis.com/v1/projects/cowb70383-d026481i:testIamPermissions  

[debug] [2018-11-12T23:00:03.227Z] <<< HTTP RESPONSE 200
[debug] [2018-11-12T23:00:03.229Z] >>> HTTP REQUEST GET https://firebase.googleapis.com/v1beta1/projects/cowb70383-d026481i  
 
[debug] [2018-11-12T23:00:03.456Z] <<< HTTP RESPONSE 200
[info] 
[info] === Deploying to 'cowb70383-d026481i'...
[info] 
[info] i  deploying database, storage, firestore, hosting
[debug] [2018-11-12T23:00:03.486Z] Error: ENOENT: no such file or directory, open 'C:\Users\El Dor\Desktop\SE-Masters\Web Principles\ASSESSMENT\Portfolio\public\database.rules.json'
    at Object.fs.openSync (fs.js:646:18)
    at Object.fs.readFileSync (fs.js:551:33)
    at Config.readProjectFile (C:\Users\El Dor\AppData\Roaming\npm\node_modules\firebase-tools\lib\config.js:143:26)
    at C:\Users\El Dor\AppData\Roaming\npm\node_modules\firebase-tools\lib\deploy\database\prepare.js:42:50
    at C:\Users\El Dor\AppData\Roaming\npm\node_modules\firebase-tools\node_modules\lodash\lodash.js:4911:15
    at baseForOwn (C:\Users\El Dor\AppData\Roaming\npm\node_modules\firebase-tools\node_modules\lodash\lodash.js:2996:24)
    at C:\Users\El Dor\AppData\Roaming\npm\node_modules\firebase-tools\node_modules\lodash\lodash.js:4880:18
    at Function.forEach (C:\Users\El Dor\AppData\Roaming\npm\node_modules\firebase-tools\node_modules\lodash\lodash.js:9344:14)
    at module.exports (C:\Users\El Dor\AppData\Roaming\npm\node_modules\firebase-tools\lib\deploy\database\prepare.js:39:7)
    at _chain (C:\Users\El Dor\AppData\Roaming\npm\node_modules\firebase-tools\lib\deploy\index.js:22:40)
[error] 
[error] Error: An unexpected error has occurred.
